#
# There is insufficient memory for the Java Runtime Environment to continue.
# Native memory allocation (malloc) failed to allocate 264016 bytes for Chunk::new
# Possible reasons:
#   The system is out of physical RAM or swap space
#   The process is running with CompressedOops enabled, and the Java Heap may be blocking the growth of the native heap
# Possible solutions:
#   Reduce memory load on the system
#   Increase physical memory or swap space
#   Check if swap backing store is full
#   Decrease Java heap size (-Xmx/-Xms)
#   Decrease number of Java threads
#   Decrease Java thread stack sizes (-Xss)
#   Set larger code cache with -XX:ReservedCodeCacheSize=
#   JVM is running with Unscaled Compressed Oops mode in which the Java heap is
#     placed in the first 4GB address space. The Java Heap base address is the
#     maximum limit for the native heap growth. Please use -XX:HeapBaseMinAddress
#     to set the Java Heap base and to place the Java Heap above 4GB virtual address.
# This output file may be truncated or incomplete.
#
#  Out of Memory Error (allocation.cpp:389), pid=4568, tid=0x0000000000002f2c
#
# JRE version: OpenJDK Runtime Environment (8.0_242-b01) (build 1.8.0_242-release-1644-b01)
# Java VM: OpenJDK 64-Bit Server VM (25.242-b01 mixed mode windows-amd64 compressed oops)
# Failed to write core dump. Minidumps are not enabled by default on client versions of Windows
#

---------------  T H R E A D  ---------------

Current thread (0x0000000019793000):  JavaThread "C2 CompilerThread1" daemon [_thread_in_native, id=12076, stack(0x000000001a160000,0x000000001a260000)]

Stack: [0x000000001a160000,0x000000001a260000]
[error occurred during error reporting (printing stack bounds), id 0xc0000005]

Native frames: (J=compiled Java code, j=interpreted, Vv=VM code, C=native code)


Current CompileTask:
C2:   3714 2426   !   4       java.util.zip.ZipFile::getInputStream (304 bytes)


---------------  P R O C E S S  ---------------

Java Threads: ( => current thread )
  0x000000001c2a8800 JavaThread "Cache worker for file content cache (C:\Users\DELL\.gradle\caches\6.5\fileContent)" [_thread_blocked, id=13776, stack(0x0000000022b80000,0x0000000022c80000)]
  0x000000001c2a5000 JavaThread "jar transforms" [_thread_blocked, id=9184, stack(0x0000000022a80000,0x0000000022b80000)]
  0x000000001c2a8000 JavaThread "Cache worker for execution history cache (C:\Users\DELL\.gradle\caches\6.5\executionHistory)" [_thread_blocked, id=6536, stack(0x0000000022380000,0x0000000022480000)]
  0x000000001c2a6800 JavaThread "Cache worker for cache directory md-rule (C:\Users\DELL\.gradle\caches\6.5\md-rule)" [_thread_blocked, id=6884, stack(0x0000000022280000,0x0000000022380000)]
  0x000000001c2a5800 JavaThread "Cache worker for cache directory md-supplier (C:\Users\DELL\.gradle\caches\6.5\md-supplier)" [_thread_blocked, id=10144, stack(0x0000000022180000,0x0000000022280000)]
  0x000000001c2a9800 JavaThread "Cache worker for checksums cache (F:\MyApplication2\.gradle\checksums)" [_thread_blocked, id=12256, stack(0x0000000020fd0000,0x00000000210d0000)]
  0x000000001c2a4000 JavaThread "Cache worker for file hash cache (F:\MyApplication2\.gradle\6.5\fileHashes)" [_thread_blocked, id=7548, stack(0x0000000020cd0000,0x0000000020dd0000)]
  0x000000001c2a2800 JavaThread "Cache worker for file hash cache (C:\Users\DELL\.gradle\caches\6.5\fileHashes)" [_thread_blocked, id=6748, stack(0x000000001e780000,0x000000001e880000)]
  0x000000001c2a7000 JavaThread "File lock request listener" [_thread_in_native, id=5200, stack(0x000000001e680000,0x000000001e780000)]
  0x000000001c0e0800 JavaThread "Cache worker for journal cache (C:\Users\DELL\.gradle\caches\journal-1)" [_thread_blocked, id=11344, stack(0x000000001e580000,0x000000001e680000)]
  0x000000001c091800 JavaThread "Thread-9" [_thread_blocked, id=10756, stack(0x000000001e280000,0x000000001e380000)]
  0x000000001c073800 JavaThread "Stdin handler" [_thread_blocked, id=11572, stack(0x000000001e180000,0x000000001e280000)]
  0x000000001c073000 JavaThread "Asynchronous log dispatcher for DefaultDaemonConnection: socket connection from /127.0.0.1:52401 to /127.0.0.1:52402" [_thread_blocked, id=5028, stack(0x000000001e080000,0x000000001e180000)]
  0x000000001c0a9000 JavaThread "Daemon worker" [_thread_in_Java, id=3120, stack(0x000000001df80000,0x000000001e080000)]
  0x000000001c096000 JavaThread "Cancel handler" [_thread_blocked, id=4516, stack(0x000000001dd80000,0x000000001de80000)]
  0x000000001c04c000 JavaThread "Handler for socket connection from /127.0.0.1:52401 to /127.0.0.1:52402" [_thread_in_native, id=2316, stack(0x000000001dc80000,0x000000001dd80000)]
  0x000000001bffa800 JavaThread "Daemon" [_thread_blocked, id=5376, stack(0x000000001d980000,0x000000001da80000)]
  0x000000001bff6000 JavaThread "Daemon periodic checks" [_thread_blocked, id=8936, stack(0x000000001d880000,0x000000001d980000)]
  0x000000001bfe3800 JavaThread "Incoming local TCP Connector on port 52401" [_thread_in_native, id=13568, stack(0x000000001d640000,0x000000001d740000)]
  0x000000001bf86800 JavaThread "Daemon health stats" [_thread_blocked, id=13284, stack(0x000000001d000000,0x000000001d100000)]
  0x0000000019836800 JavaThread "Service Thread" daemon [_thread_blocked, id=6140, stack(0x000000001a460000,0x000000001a560000)]
  0x00000000197a9800 JavaThread "C1 CompilerThread3" daemon [_thread_in_native, id=10076, stack(0x000000001a360000,0x000000001a460000)]
  0x00000000197a5800 JavaThread "C2 CompilerThread2" daemon [_thread_in_native, id=11616, stack(0x000000001a260000,0x000000001a360000)]
=>0x0000000019793000 JavaThread "C2 CompilerThread1" daemon [_thread_in_native, id=12076, stack(0x000000001a160000,0x000000001a260000)]
  0x0000000019790000 JavaThread "C2 CompilerThread0" daemon [_thread_blocked, id=2892, stack(0x000000001a060000,0x000000001a160000)]
  0x000000001978f000 JavaThread "Attach Listener" daemon [_thread_blocked, id=12912, stack(0x0000000019f60000,0x000000001a060000)]
  0x000000001978e000 JavaThread "Signal Dispatcher" daemon [_thread_blocked, id=12628, stack(0x0000000019e60000,0x0000000019f60000)]
  0x0000000019781800 JavaThread "Finalizer" daemon [_thread_blocked, id=13976, stack(0x0000000019c60000,0x0000000019d60000)]
  0x0000000019780800 JavaThread "Reference Handler" daemon [_thread_blocked, id=7668, stack(0x0000000019b60000,0x0000000019c60000)]
  0x00000000026ee000 JavaThread "main" [_thread_blocked, id=14740, stack(0x00000000026f0000,0x00000000027f0000)]

Other Threads:
  0x0000000017958800 VMThread [stack: 0x0000000019660000,0x0000000019760000] [id=4548]
  0x00000000197e1800 WatcherThread [stack: 0x000000001a560000,0x000000001a660000] [id=2888]

VM state:not at safepoint (normal execution)

VM Mutex/Monitor currently owned by a thread: None

heap address: 0x0000000080000000, size: 2048 MB, Compressed Oops mode: 32-bit
Narrow klass base: 0x0000000000000000, Narrow klass shift: 3
Compressed class space size: 1073741824 Address: 0x0000000100000000

Heap:
 PSYoungGen      total 144384K, used 98524K [0x00000000d5580000, 0x00000000dee80000, 0x0000000100000000)
  eden space 133120K, 74% used [0x00000000d5580000,0x00000000db5b7260,0x00000000dd780000)
  from space 11264K, 0% used [0x00000000de380000,0x00000000de380000,0x00000000dee80000)
  to   space 11776K, 0% used [0x00000000dd780000,0x00000000dd780000,0x00000000de300000)
 ParOldGen       total 50688K, used 6626K [0x0000000080000000, 0x0000000083180000, 0x00000000d5580000)
  object space 50688K, 13% used [0x0000000080000000,0x0000000080678bf0,0x0000000083180000)
 Metaspace       used 31174K, capacity 32076K, committed 32432K, reserved 1077248K
  class space    used 4228K, capacity 4435K, committed 4528K, reserved 1048576K

Card table byte_map: [0x0000000011cb0000,0x00000000120c0000] byte_map_base: 0x00000000118b0000

Marking Bits: (ParMarkBitMap*) 0x000000006cd5f030
 Begin Bits: [0x0000000012b70000, 0x0000000014b70000)
 End Bits:   [0x0000000014b70000, 0x0000000016b70000)

Polling page: 0x00000000005f0000

CodeCache: size=245760Kb used=9440Kb max_used=9440Kb free=236319Kb
 bounds [0x00000000028f0000, 0x0000000003230000, 0x00000000118f0000]
 total_blobs=3119 nmethods=2438 adapters=594
 compilation: enabled

Compilation events (10 events):
Event: 3.711 Thread 0x00000000197a9800 2430       3       java.util.HashMap::putVal (300 bytes)
Event: 3.712 Thread 0x0000000019790000 nmethod 2429 0x0000000003224b90 code [0x0000000003224d20, 0x0000000003225528]
Event: 3.712 Thread 0x00000000197a9800 nmethod 2430 0x0000000003220590 code [0x0000000003220800, 0x0000000003221ab8]
Event: 3.712 Thread 0x00000000197a9800 2431       3       java.util.HashMap::getNode (148 bytes)
Event: 3.712 Thread 0x00000000197a9800 nmethod 2431 0x000000000321f750 code [0x000000000321f920, 0x00000000032202c8]
Event: 3.712 Thread 0x00000000197a5800 2432       4       sun.reflect.misc.ReflectUtil::isNonPublicProxyClass (51 bytes)
Event: 3.713 Thread 0x00000000197a9800 2433       3       sun.reflect.generics.reflectiveObjects.ParameterizedTypeImpl::hashCode (24 bytes)
Event: 3.713 Thread 0x0000000019790000 2436       4       java.util.Arrays::hashCode (56 bytes)
Event: 3.713 Thread 0x00000000197a9800 nmethod 2433 0x00000000032243d0 code [0x0000000003224560, 0x00000000032249e8]
Event: 3.713 Thread 0x00000000197a9800 2435       3       com.google.common.reflect.TypeResolver$TypeMappingIntrospector::map (92 bytes)

GC Heap History (10 events):
Event: 1.301 GC heap before
{Heap before GC invocations=3 (full 0):
 PSYoungGen      total 38400K, used 36641K [0x00000000d5580000, 0x00000000da080000, 0x0000000100000000)
  eden space 33280K, 100% used [0x00000000d5580000,0x00000000d7600000,0x00000000d7600000)
  from space 5120K, 65% used [0x00000000d7b00000,0x00000000d7e485e8,0x00000000d8000000)
  to   space 5120K, 0% used [0x00000000d7600000,0x00000000d7600000,0x00000000d7b00000)
 ParOldGen       total 87552K, used 24K [0x0000000080000000, 0x0000000085580000, 0x00000000d5580000)
  object space 87552K, 0% used [0x0000000080000000,0x0000000080006000,0x0000000085580000)
 Metaspace       used 12187K, capacity 12500K, committed 12800K, reserved 1060864K
  class space    used 1625K, capacity 1726K, committed 1792K, reserved 1048576K
Event: 1.306 GC heap after
Heap after GC invocations=3 (full 0):
 PSYoungGen      total 38400K, used 5104K [0x00000000d5580000, 0x00000000da080000, 0x0000000100000000)
  eden space 33280K, 0% used [0x00000000d5580000,0x00000000d5580000,0x00000000d7600000)
  from space 5120K, 99% used [0x00000000d7600000,0x00000000d7afc010,0x00000000d7b00000)
  to   space 5120K, 0% used [0x00000000d9b80000,0x00000000d9b80000,0x00000000da080000)
 ParOldGen       total 87552K, used 1220K [0x0000000080000000, 0x0000000085580000, 0x00000000d5580000)
  object space 87552K, 1% used [0x0000000080000000,0x00000000801311b8,0x0000000085580000)
 Metaspace       used 12187K, capacity 12500K, committed 12800K, reserved 1060864K
  class space    used 1625K, capacity 1726K, committed 1792K, reserved 1048576K
}
Event: 1.527 GC heap before
{Heap before GC invocations=4 (full 0):
 PSYoungGen      total 38400K, used 38384K [0x00000000d5580000, 0x00000000da080000, 0x0000000100000000)
  eden space 33280K, 100% used [0x00000000d5580000,0x00000000d7600000,0x00000000d7600000)
  from space 5120K, 99% used [0x00000000d7600000,0x00000000d7afc010,0x00000000d7b00000)
  to   space 5120K, 0% used [0x00000000d9b80000,0x00000000d9b80000,0x00000000da080000)
 ParOldGen       total 87552K, used 1220K [0x0000000080000000, 0x0000000085580000, 0x00000000d5580000)
  object space 87552K, 1% used [0x0000000080000000,0x00000000801311b8,0x0000000085580000)
 Metaspace       used 15374K, capacity 15900K, committed 16128K, reserved 1062912K
  class space    used 2030K, capacity 2188K, committed 2304K, reserved 1048576K
Event: 1.532 GC heap after
Heap after GC invocations=4 (full 0):
 PSYoungGen      total 71680K, used 5104K [0x00000000d5580000, 0x00000000da080000, 0x0000000100000000)
  eden space 66560K, 0% used [0x00000000d5580000,0x00000000d5580000,0x00000000d9680000)
  from space 5120K, 99% used [0x00000000d9b80000,0x00000000da07c010,0x00000000da080000)
  to   space 5120K, 0% used [0x00000000d9680000,0x00000000d9680000,0x00000000d9b80000)
 ParOldGen       total 87552K, used 3642K [0x0000000080000000, 0x0000000085580000, 0x00000000d5580000)
  object space 87552K, 4% used [0x0000000080000000,0x000000008038e968,0x0000000085580000)
 Metaspace       used 15374K, capacity 15900K, committed 16128K, reserved 1062912K
  class space    used 2030K, capacity 2188K, committed 2304K, reserved 1048576K
}
Event: 2.163 GC heap before
{Heap before GC invocations=5 (full 0):
 PSYoungGen      total 71680K, used 71664K [0x00000000d5580000, 0x00000000da080000, 0x0000000100000000)
  eden space 66560K, 100% used [0x00000000d5580000,0x00000000d9680000,0x00000000d9680000)
  from space 5120K, 99% used [0x00000000d9b80000,0x00000000da07c010,0x00000000da080000)
  to   space 5120K, 0% used [0x00000000d9680000,0x00000000d9680000,0x00000000d9b80000)
 ParOldGen       total 87552K, used 3642K [0x0000000080000000, 0x0000000085580000, 0x00000000d5580000)
  object space 87552K, 4% used [0x0000000080000000,0x000000008038e968,0x0000000085580000)
 Metaspace       used 20548K, capacity 21184K, committed 21248K, reserved 1067008K
  class space    used 2870K, capacity 3044K, committed 3072K, reserved 1048576K
Event: 2.174 GC heap after
Heap after GC invocations=5 (full 0):
 PSYoungGen      total 71680K, used 5108K [0x00000000d5580000, 0x00000000def80000, 0x0000000100000000)
  eden space 66560K, 0% used [0x00000000d5580000,0x00000000d5580000,0x00000000d9680000)
  from space 5120K, 99% used [0x00000000d9680000,0x00000000d9b7d060,0x00000000d9b80000)
  to   space 12288K, 0% used [0x00000000de380000,0x00000000de380000,0x00000000def80000)
 ParOldGen       total 87552K, used 10091K [0x0000000080000000, 0x0000000085580000, 0x00000000d5580000)
  object space 87552K, 11% used [0x0000000080000000,0x00000000809dad68,0x0000000085580000)
 Metaspace       used 20548K, capacity 21184K, committed 21248K, reserved 1067008K
  class space    used 2870K, capacity 3044K, committed 3072K, reserved 1048576K
}
Event: 2.180 GC heap before
{Heap before GC invocations=6 (full 0):
 PSYoungGen      total 71680K, used 6010K [0x00000000d5580000, 0x00000000def80000, 0x0000000100000000)
  eden space 66560K, 1% used [0x00000000d5580000,0x00000000d5661ac8,0x00000000d9680000)
  from space 5120K, 99% used [0x00000000d9680000,0x00000000d9b7d060,0x00000000d9b80000)
  to   space 12288K, 0% used [0x00000000de380000,0x00000000de380000,0x00000000def80000)
 ParOldGen       total 87552K, used 10091K [0x0000000080000000, 0x0000000085580000, 0x00000000d5580000)
  object space 87552K, 11% used [0x0000000080000000,0x00000000809dad68,0x0000000085580000)
 Metaspace       used 20574K, capacity 21216K, committed 21296K, reserved 1067008K
  class space    used 2875K, capacity 3076K, committed 3120K, reserved 1048576K
Event: 2.184 GC heap after
Heap after GC invocations=6 (full 0):
 PSYoungGen      total 144384K, used 5216K [0x00000000d5580000, 0x00000000dee80000, 0x0000000100000000)
  eden space 133120K, 0% used [0x00000000d5580000,0x00000000d5580000,0x00000000dd780000)
  from space 11264K, 46% used [0x00000000de380000,0x00000000de898030,0x00000000dee80000)
  to   space 11776K, 0% used [0x00000000dd780000,0x00000000dd780000,0x00000000de300000)
 ParOldGen       total 87552K, used 10099K [0x0000000080000000, 0x0000000085580000, 0x00000000d5580000)
  object space 87552K, 11% used [0x0000000080000000,0x00000000809dcd68,0x0000000085580000)
 Metaspace       used 20574K, capacity 21216K, committed 21296K, reserved 1067008K
  class space    used 2875K, capacity 3076K, committed 3120K, reserved 1048576K
}
Event: 2.184 GC heap before
{Heap before GC invocations=7 (full 1):
 PSYoungGen      total 144384K, used 5216K [0x00000000d5580000, 0x00000000dee80000, 0x0000000100000000)
  eden space 133120K, 0% used [0x00000000d5580000,0x00000000d5580000,0x00000000dd780000)
  from space 11264K, 46% used [0x00000000de380000,0x00000000de898030,0x00000000dee80000)
  to   space 11776K, 0% used [0x00000000dd780000,0x00000000dd780000,0x00000000de300000)
 ParOldGen       total 87552K, used 10099K [0x0000000080000000, 0x0000000085580000, 0x00000000d5580000)
  object space 87552K, 11% used [0x0000000080000000,0x00000000809dcd68,0x0000000085580000)
 Metaspace       used 20574K, capacity 21216K, committed 21296K, reserved 1067008K
  class space    used 2875K, capacity 3076K, committed 3120K, reserved 1048576K
Event: 2.220 GC heap after
Heap after GC invocations=7 (full 1):
 PSYoungGen      total 144384K, used 0K [0x00000000d5580000, 0x00000000dee80000, 0x0000000100000000)
  eden space 133120K, 0% used [0x00000000d5580000,0x00000000d5580000,0x00000000dd780000)
  from space 11264K, 0% used [0x00000000de380000,0x00000000de380000,0x00000000dee80000)
  to   space 11776K, 0% used [0x00000000dd780000,0x00000000dd780000,0x00000000de300000)
 ParOldGen       total 50688K, used 6626K [0x0000000080000000, 0x0000000083180000, 0x00000000d5580000)
  object space 50688K, 13% used [0x0000000080000000,0x0000000080678bf0,0x0000000083180000)
 Metaspace       used 20574K, capacity 21216K, committed 21296K, reserved 1067008K
  class space    used 2875K, capacity 3076K, committed 3120K, reserved 1048576K
}

Deoptimization events (10 events):
Event: 2.220 Thread 0x0000000019781800 Uncommon trap: reason=unstable_if action=reinterpret pc=0x0000000002f27ebc method=java.lang.ref.Finalizer.remove()V @ 10
Event: 2.239 Thread 0x000000001c0a9000 Uncommon trap: reason=unstable_if action=reinterpret pc=0x0000000002eb9120 method=java.util.HashMap.hash(Ljava/lang/Object;)I @ 1
Event: 2.248 Thread 0x000000001c0a9000 Uncommon trap: reason=unstable_if action=reinterpret pc=0x0000000002c01368 method=java.util.HashMap.hash(Ljava/lang/Object;)I @ 1
Event: 2.263 Thread 0x000000001c0a9000 Uncommon trap: reason=unstable_if action=reinterpret pc=0x0000000002e3e7fc method=jdk.internal.org.objectweb.asm.Type.getArgumentsAndReturnSizes(Ljava/lang/String;)I @ 88
Event: 2.341 Thread 0x000000001c0a9000 Uncommon trap: reason=unstable_if action=reinterpret pc=0x0000000002bea34c method=java.io.WinNTFileSystem.resolve(Ljava/lang/String;Ljava/lang/String;)Ljava/lang/String; @ 49
Event: 2.575 Thread 0x000000001c0a9000 Uncommon trap: reason=unstable_if action=reinterpret pc=0x0000000002ed7150 method=java.util.HashMap.putVal(ILjava/lang/Object;Ljava/lang/Object;ZZ)Ljava/lang/Object; @ 162
Event: 3.341 Thread 0x000000001c0a9000 Uncommon trap: reason=unstable_if action=reinterpret pc=0x0000000002ef7914 method=java.net.URLClassLoader.defineClass(Ljava/lang/String;Lsun/misc/Resource;)Ljava/lang/Class; @ 21
Event: 3.342 Thread 0x000000001c0a9000 Uncommon trap: reason=unstable_if action=reinterpret pc=0x0000000002df25b4 method=java.lang.ClassLoader.getClassLoadingLock(Ljava/lang/String;)Ljava/lang/Object; @ 6
Event: 3.702 Thread 0x000000001c0a9000 Uncommon trap: reason=unstable_if action=reinterpret pc=0x0000000002ea18c4 method=java.util.HashMap.getNode(ILjava/lang/Object;)Ljava/util/HashMap$Node; @ 53
Event: 3.703 Thread 0x000000001c0a9000 Uncommon trap: reason=unstable_if action=reinterpret pc=0x0000000002e7ea38 method=java.util.HashMap.putVal(ILjava/lang/Object;Ljava/lang/Object;ZZ)Ljava/lang/Object; @ 85

Classes redefined (0 events):
No events

Internal exceptions (10 events):
Event: 3.373 Thread 0x000000001c0a9000 Exception <a 'java/lang/ClassNotFoundException': org/gradle/initialization/SettingsScriptCustomizer> (0x00000000d9b4d878) thrown at [C:\src\AOSP-openjdk-git\hotspot\src\share\vm\classfile\systemDictionary.cpp, line 210]
Event: 3.374 Thread 0x000000001c0a9000 Exception <a 'java/lang/ClassNotFoundException': settings_1zaejyr5q8jbgz4dmwmnjivdfCustomizer> (0x00000000d9b61938) thrown at [C:\src\AOSP-openjdk-git\hotspot\src\share\vm\classfile\systemDictionary.cpp, line 210]
Event: 3.443 Thread 0x000000001c0a9000 Exception <a 'java/lang/ClassNotFoundException': org/gradle/initialization/DefaultSettings_DecoratedBeanInfo> (0x00000000da0da340) thrown at [C:\src\AOSP-openjdk-git\hotspot\src\share\vm\classfile\systemDictionary.cpp, line 210]
Event: 3.443 Thread 0x000000001c0a9000 Exception <a 'java/lang/ClassNotFoundException': org/gradle/initialization/DefaultSettingsBeanInfo> (0x00000000da104ba0) thrown at [C:\src\AOSP-openjdk-git\hotspot\src\share\vm\classfile\systemDictionary.cpp, line 210]
Event: 3.444 Thread 0x000000001c0a9000 Exception <a 'java/lang/ClassNotFoundException': org/gradle/api/internal/project/AbstractPluginAwareBeanInfo> (0x00000000da135b28) thrown at [C:\src\AOSP-openjdk-git\hotspot\src\share\vm\classfile\systemDictionary.cpp, line 210]
Event: 3.445 Thread 0x000000001c0a9000 Exception <a 'java/lang/ClassNotFoundException': org/gradle/api/internal/project/AbstractPluginAwareCustomizer> (0x00000000da1678a8) thrown at [C:\src\AOSP-openjdk-git\hotspot\src\share\vm\classfile\systemDictionary.cpp, line 210]
Event: 3.447 Thread 0x000000001c0a9000 Exception <a 'java/lang/ClassNotFoundException': org/gradle/initialization/DefaultSettingsCustomizer> (0x00000000da19b980) thrown at [C:\src\AOSP-openjdk-git\hotspot\src\share\vm\classfile\systemDictionary.cpp, line 210]
Event: 3.450 Thread 0x000000001c0a9000 Exception <a 'java/lang/ClassNotFoundException': org/gradle/initialization/DefaultSettings_DecoratedCustomizer> (0x00000000da20a068) thrown at [C:\src\AOSP-openjdk-git\hotspot\src\share\vm\classfile\systemDictionary.cpp, line 210]
Event: 3.496 Thread 0x000000001c0a9000 Exception <a 'java/lang/ClassNotFoundException': org/gradle/initialization/DefaultProjectDescriptorBeanInfo> (0x00000000da46ed78) thrown at [C:\src\AOSP-openjdk-git\hotspot\src\share\vm\classfile\systemDictionary.cpp, line 210]
Event: 3.496 Thread 0x000000001c0a9000 Exception <a 'java/lang/ClassNotFoundException': org/gradle/initialization/DefaultProjectDescriptorCustomizer> (0x00000000da49e900) thrown at [C:\src\AOSP-openjdk-git\hotspot\src\share\vm\classfile\systemDictionary.cpp, line 210]

Events (10 events):
Event: 3.709 loading class org/gradle/api/internal/tasks/DefaultTaskContainer$DuplicateTaskException
Event: 3.709 loading class org/gradle/api/internal/tasks/DefaultTaskContainer$DuplicateTaskException done
Event: 3.710 loading class org/gradle/api/internal/tasks/DefaultTaskContainer$TaskCreationException
Event: 3.710 loading class org/gradle/api/internal/tasks/DefaultTaskContainer$TaskCreationException done
Event: 3.710 loading class org/gradle/api/tasks/TaskProvider
Event: 3.710 loading class org/gradle/api/tasks/TaskProvider done
Event: 3.711 loading class org/gradle/api/internal/project/taskfactory/TaskIdentity
Event: 3.711 loading class org/gradle/api/internal/project/taskfactory/TaskIdentity done
Event: 3.711 loading class org/gradle/api/Task$Namer
Event: 3.711 loading class org/gradle/api/Task$Namer done


Dynamic libraries:
0x00007ff67ac50000 - 0x00007ff67ac81000 	C:\Program Files\Android\Android Studio\jre\bin\java.exe
0x00007ffaa02c0000 - 0x00007ffaa04b0000 	C:\Windows\SYSTEM32\ntdll.dll
0x00007ffaa0150000 - 0x00007ffaa0202000 	C:\Windows\System32\KERNEL32.DLL
0x00007ffa9d240000 - 0x00007ffa9d4e5000 	C:\Windows\System32\KERNELBASE.dll
0x00007ffa9e3d0000 - 0x00007ffa9e473000 	C:\Windows\System32\ADVAPI32.dll
0x00007ffa9fde0000 - 0x00007ffa9fe7e000 	C:\Windows\System32\msvcrt.dll
0x00007ffa9f820000 - 0x00007ffa9f8b7000 	C:\Windows\System32\sechost.dll
0x00007ffa9fe90000 - 0x00007ffa9ffaf000 	C:\Windows\System32\RPCRT4.dll
0x00007ffa9ffb0000 - 0x00007ffaa0144000 	C:\Windows\System32\USER32.dll
0x00007ffa9d830000 - 0x00007ffa9d851000 	C:\Windows\System32\win32u.dll
0x00007ffa9eec0000 - 0x00007ffa9eee6000 	C:\Windows\System32\GDI32.dll
0x00007ffa9d8f0000 - 0x00007ffa9da88000 	C:\Windows\System32\gdi32full.dll
0x00007ffa9d760000 - 0x00007ffa9d7fe000 	C:\Windows\System32\msvcp_win.dll
0x00007ffa9e270000 - 0x00007ffa9e36a000 	C:\Windows\System32\ucrtbase.dll
0x00007ffa84860000 - 0x00007ffa84ae4000 	C:\Windows\WinSxS\amd64_microsoft.windows.common-controls_6595b64144ccf1df_6.0.18362.1379_none_9e7ff3b3e45cc0c4\COMCTL32.dll
0x00007ffa9f970000 - 0x00007ffa9fca7000 	C:\Windows\System32\combase.dll
0x00007ffa9d860000 - 0x00007ffa9d8e1000 	C:\Windows\System32\bcryptPrimitives.dll
0x00007ffa9e480000 - 0x00007ffa9e4ae000 	C:\Windows\System32\IMM32.DLL
0x000000006c3d0000 - 0x000000006c4a2000 	C:\Program Files\Android\Android Studio\jre\jre\bin\msvcr100.dll
0x000000006c590000 - 0x000000006cddb000 	C:\Program Files\Android\Android Studio\jre\jre\bin\server\jvm.dll
0x00007ffa9efd0000 - 0x00007ffa9efd8000 	C:\Windows\System32\PSAPI.DLL
0x00007ffa96210000 - 0x00007ffa96219000 	C:\Windows\SYSTEM32\WSOCK32.dll
0x00007ffa82cc0000 - 0x00007ffa82ce4000 	C:\Windows\SYSTEM32\WINMM.dll
0x00007ffa95420000 - 0x00007ffa9542a000 	C:\Windows\SYSTEM32\VERSION.dll
0x00007ffaa0210000 - 0x00007ffaa027f000 	C:\Windows\System32\WS2_32.dll
0x00007ffa8aef0000 - 0x00007ffa8af1d000 	C:\Windows\SYSTEM32\WINMMBASE.dll
0x00007ffa9d640000 - 0x00007ffa9d68a000 	C:\Windows\System32\cfgmgr32.dll
0x00007ffa92d20000 - 0x00007ffa92d2f000 	C:\Program Files\Android\Android Studio\jre\jre\bin\verify.dll
0x00007ffa90c70000 - 0x00007ffa90c99000 	C:\Program Files\Android\Android Studio\jre\jre\bin\java.dll
0x00007ffa91880000 - 0x00007ffa91896000 	C:\Program Files\Android\Android Studio\jre\jre\bin\zip.dll
0x00007ffa9e7d0000 - 0x00007ffa9eeb8000 	C:\Windows\System32\SHELL32.dll
0x00007ffa9f8c0000 - 0x00007ffa9f967000 	C:\Windows\System32\shcore.dll
0x00007ffa9da90000 - 0x00007ffa9e20b000 	C:\Windows\System32\windows.storage.dll
0x00007ffa9d1f0000 - 0x00007ffa9d213000 	C:\Windows\System32\profapi.dll
0x00007ffa9d180000 - 0x00007ffa9d1ca000 	C:\Windows\System32\powrprof.dll
0x00007ffa9d170000 - 0x00007ffa9d180000 	C:\Windows\System32\UMPDC.dll
0x00007ffa9efe0000 - 0x00007ffa9f032000 	C:\Windows\System32\shlwapi.dll
0x00007ffa9d1d0000 - 0x00007ffa9d1e1000 	C:\Windows\System32\kernel.appcore.dll
0x00007ffa9d740000 - 0x00007ffa9d757000 	C:\Windows\System32\cryptsp.dll
0x00007ffa90d70000 - 0x00007ffa90d8a000 	C:\Program Files\Android\Android Studio\jre\jre\bin\net.dll
0x00007ffa9c9b0000 - 0x00007ffa9ca17000 	C:\Windows\system32\mswsock.dll
0x00007ffa90c50000 - 0x00007ffa90c63000 	C:\Program Files\Android\Android Studio\jre\jre\bin\nio.dll
0x00007ffa82510000 - 0x00007ffa82537000 	C:\Users\DELL\.gradle\native\f6784746aeab05261644944871eae4fe03e0ef1612fff0a4a95f87b438bc6780\windows-amd64\native-platform.dll
0x00007ffa919e0000 - 0x00007ffa919ed000 	C:\Program Files\Android\Android Studio\jre\jre\bin\management.dll
0x00007ffa9c530000 - 0x00007ffa9c563000 	C:\Windows\system32\rsaenh.dll
0x00007ffa9d800000 - 0x00007ffa9d826000 	C:\Windows\System32\bcrypt.dll
0x00007ffa9d090000 - 0x00007ffa9d0b5000 	C:\Windows\SYSTEM32\USERENV.dll
0x00007ffa9cb80000 - 0x00007ffa9cb8c000 	C:\Windows\SYSTEM32\CRYPTBASE.dll
0x00007ffa9c6c0000 - 0x00007ffa9c6fa000 	C:\Windows\SYSTEM32\IPHLPAPI.DLL
0x00007ffa9fe80000 - 0x00007ffa9fe88000 	C:\Windows\System32\NSI.dll
0x00007ffa920e0000 - 0x00007ffa920f6000 	C:\Windows\SYSTEM32\dhcpcsvc6.DLL
0x00007ffa92120000 - 0x00007ffa9213c000 	C:\Windows\SYSTEM32\dhcpcsvc.DLL
0x00007ffa9c710000 - 0x00007ffa9c7db000 	C:\Windows\SYSTEM32\DNSAPI.dll
0x00007ffa92420000 - 0x00007ffa9242b000 	C:\Windows\SYSTEM32\WINNSI.DLL

VM Arguments:
jvm_args: -Xmx2048m -Dfile.encoding=UTF-8 -Duser.country=US -Duser.language=en -Duser.variant 
java_command: org.gradle.launcher.daemon.bootstrap.GradleDaemon 6.5
java_class_path (initial): C:\Users\DELL\.gradle\wrapper\dists\gradle-6.5-bin\6nifqtx7604sqp1q6g8wikw7p\gradle-6.5\lib\gradle-launcher-6.5.jar
Launcher Type: SUN_STANDARD

Environment Variables:
JAVA_HOME=C:\Program Files\Java\jdk-15
PATH=C:\Windows\system32;C:\Windows;C:\Windows\System32\Wbem;C:\Windows\System32\WindowsPowerShell\v1.0\;C:\Windows\System32\OpenSSH\;C:\Program Files (x86)\Intel\Intel(R) Management Engine Components\DAL;C:\Program Files\Intel\Intel(R) Management Engine Components\DAL;C:\Program Files\Java\jdk1.8.0_251\bin;%JAVAHOME%\bin;E:\Git\cmd;E:\Git\mingw64\bin;E:\Git\usr\bin;C:\Users\DELL\AppData\Local\Programs\Python\Python37\Scripts\;C:\Users\DELL\AppData\Local\Programs\Python\Python37\;C:\Users\DELL\AppData\Local\Microsoft\WindowsApps;C:\Users\DELL\AppData\Roaming\Dashlane\6.2039.0.39665\bin\Firefox_Extension\{442718d9-475e-452a-b3e1-fb1ee16b8e9f}\components;C:\Users\DELL\AppData\Roaming\Dashlane\6.2039.0.39665\ucrt;C:\Users\DELL\AppData\Roaming\Dashlane\6.2039.0.39665\bin\Qt;C:\Users\DELL\AppData\Roaming\Dashlane\6.2039.0.39665\bin\Ssl
USERNAME=DELL
OS=Windows_NT
PROCESSOR_IDENTIFIER=Intel64 Family 6 Model 142 Stepping 12, GenuineIntel



---------------  S Y S T E M  ---------------

OS: Windows 10.0 , 64 bit Build 18362 (10.0.18362.1350)

CPU:total 8 (initial active 8) (4 cores per cpu, 2 threads per core) family 6 model 142 stepping 12, cmov, cx8, fxsr, mmx, sse, sse2, sse3, ssse3, sse4.1, sse4.2, popcnt, avx, avx2, aes, clmul, erms, 3dnowpref, lzcnt, ht, tsc, tscinvbit, bmi1, bmi2, adx

Memory: 4k page, physical 8262124k(498796k free), swap 12456428k(0k free)

vm_info: OpenJDK 64-Bit Server VM (25.242-b01) for windows-amd64 JRE (1.8.0_242-release-1644-b01), built by "builder" with MS VC++ 10.0 (VS2010)

time: Mon Mar 01 03:30:11 2021
timezone: SE Asia Standard Time
elapsed time: 3 seconds (0d 0h 0m 3s)

